<?xml version="1.0" encoding="UTF-8"?>
<!-- Generated by org.testng.reporters.JUnitXMLReporter -->
<testsuite hostname="LMP2DSS6C13MQ2" ignored="0" name="ValidatingTitle" tests="1" failures="1" timestamp="2021-11-24T15:26:10 IST" time="0.099" errors="0">
  <testcase name="validateTestcase" time="0.039" classname="testcases.TestNGTesting2">
    <failure type="java.lang.AssertionError" message="expected [gmail.com] but found [yahoo.com]">
      <![CDATA[java.lang.AssertionError: expected [gmail.com] but found [yahoo.com]
at testcases.TestNGTesting2.validateTestcase(TestNGTesting2.java:14)
at java.util.ArrayList.forEach(ArrayList.java:1257)
... Removed 33 stack frames]]>
    </failure>
  </testcase> <!-- validateTestcase -->
</testsuite> <!-- ValidatingTitle -->
