<?xml version="1.0" encoding="UTF-8"?>
<!-- Generated by org.testng.reporters.JUnitXMLReporter -->
<testsuite hostname="LMP2DSS6C13MQ2" ignored="0" name="CheckingDependency" tests="4" failures="1" timestamp="2021-11-24T15:29:07 IST" time="0.152" errors="0">
  <testcase name="doUserRegister" time="0.014" classname="testcases.TestNGTesting4">
    <failure type="java.lang.AssertionError" message="Not able to register">
      <![CDATA[java.lang.AssertionError: Not able to register
at testcases.TestNGTesting4.doUserRegister(TestNGTesting4.java:18)
at java.util.ArrayList.forEach(ArrayList.java:1257)
... Removed 29 stack frames]]>
    </failure>
  </testcase> <!-- doUserRegister -->
  <testcase name="validatingImage" time="0.0" classname="testcases.TestNGTesting4">
    <skipped/>
  </testcase> <!-- validatingImage -->
  <testcase name="validatingTitle" time="0.01" classname="testcases.TestNGTesting4"/>
  <testcase name="doLogin" time="0.0" classname="testcases.TestNGTesting4">
    <skipped/>
  </testcase> <!-- doLogin -->
</testsuite> <!-- CheckingDependency -->
