<?xml version="1.0" encoding="UTF-8"?>
<!-- Generated by org.testng.reporters.JUnitXMLReporter -->
<testsuite hostname="DAREDEVIL" ignored="0" name="Validating Dependency" tests="6" failures="1" timestamp="2023-07-30T01:21:38 IST" time="0.01" errors="0">
  <testcase name="doUserRegister" time="0.002" classname="testNGTestcases.DependencyOnMethodsNGroups">
    <failure type="java.lang.AssertionError" message="Not able to register">
      <![CDATA[java.lang.AssertionError: Not able to register
at testNGTestcases.DependencyOnMethodsNGroups.doUserRegister(DependencyOnMethodsNGroups.java:21)
at java.util.ArrayList.forEach(ArrayList.java:1257)
... Removed 29 stack frames]]>
    </failure>
  </testcase> <!-- doUserRegister -->
  <testcase name="doLogin" time="0.001" classname="testNGTestcases.DependencyOnMethodsNGroups"/>
  <testcase name="validatingImage" time="0.0" classname="testNGTestcases.DependencyOnMethodsNGroups">
    <skipped/>
  </testcase> <!-- validatingImage -->
  <testcase name="validatingMessage" time="0.0" classname="testNGTestcases.DependencyOnMethodsNGroups"/>
  <testcase name="validatingSubmitBtn" time="0.0" classname="testNGTestcases.DependencyOnMethodsNGroups">
    <skipped/>
  </testcase> <!-- validatingSubmitBtn -->
  <testcase name="validatingTitle" time="0.0" classname="testNGTestcases.DependencyOnMethodsNGroups"/>
</testsuite> <!-- Validating Dependency -->
