<?xml version="1.0" encoding="UTF-8"?>
<!-- Generated by org.testng.reporters.JUnitXMLReporter -->
<testsuite hostname="DESKTOP-77CED7A" ignored="1" name="CheckingDependency" tests="3" failures="1" timestamp="2021-11-29T09:28:42 PST" time="0.014" errors="0">
  <testcase name="validatingImage" time="0.001" classname="testNGTestcases.TestNGGroups"/>
  <testcase name="doUserRegister" time="0.001" classname="testNGTestcases.TestNGGroups">
    <failure type="java.lang.AssertionError" message="Not able to register">
      <![CDATA[java.lang.AssertionError: Not able to register
at testNGTestcases.TestNGGroups.doUserRegister(TestNGGroups.java:20)
at java.util.ArrayList.forEach(ArrayList.java:1257)
... Removed 28 stack frames]]>
    </failure>
  </testcase> <!-- doUserRegister -->
  <testcase name="doLogin" time="0.001" classname="testNGTestcases.TestNGGroups"/>
  <testcase name="validatingTitle" time="0.0" classname="testNGTestcases.TestNGGroups">
    <ignored/>
  </testcase> <!-- validatingTitle -->
</testsuite> <!-- CheckingDependency -->
