<?xml version="1.0" encoding="UTF-8"?>
<!-- Generated by org.testng.reporters.JUnitXMLReporter -->
<testsuite hostname="DESKTOP-77CED7A" ignored="1" name="CheckingAnnotationSequence" tests="1" failures="0" timestamp="2021-11-29T09:28:36 PST" time="0.084" errors="0">
  <testcase name="doUserRegister" time="0.007" classname="testNGTestcases.AnnotationSequence"/>
  <testcase name="doLogin" time="0.0" classname="testNGTestcases.AnnotationSequence">
    <ignored/>
  </testcase> <!-- doLogin -->
</testsuite> <!-- CheckingAnnotationSequence -->
