<?xml version="1.0" encoding="UTF-8"?>
<!-- Generated by org.testng.reporters.JUnitXMLReporter -->
<testsuite hostname="DESKTOP-77CED7A" ignored="0" name="ValidatingTitle" tests="1" failures="1" timestamp="2021-11-29T09:28:38 PST" time="0.026" errors="0">
  <testcase name="validateTestcase" time="0.006" classname="testNGTestcases.HardAssert">
    <failure type="java.lang.AssertionError" message="expected [gmail.com] but found [yahoo.com]">
      <![CDATA[java.lang.AssertionError: expected [gmail.com] but found [yahoo.com]
at testNGTestcases.HardAssert.validateTestcase(HardAssert.java:16)
at java.util.ArrayList.forEach(ArrayList.java:1257)
... Removed 32 stack frames]]>
    </failure>
  </testcase> <!-- validateTestcase -->
</testsuite> <!-- ValidatingTitle -->
