<?xml version="1.0" encoding="UTF-8"?>
<!-- Generated by org.testng.reporters.JUnitXMLReporter -->
<testsuite hostname="DAREDEVIL" ignored="3" name="Validating Test Groups" tests="3" failures="1" timestamp="2023-09-06T22:03:52 IST" time="0.053" errors="0">
  <testcase name="test3" time="0.017" classname="testNGTestcases.TestGroups"/>
  <testcase name="test5" time="0.0" classname="testNGTestcases.TestGroups"/>
  <testcase name="test2" time="0.0" classname="testNGTestcases.TestGroups">
    <failure type="java.lang.AssertionError" message="Not able to register">
      <![CDATA[java.lang.AssertionError: Not able to register
at testNGTestcases.TestGroups.test2(TestGroups.java:21)
at java.util.ArrayList.forEach(ArrayList.java:1257)
... Removed 28 stack frames]]>
    </failure>
  </testcase> <!-- test2 -->
  <testcase name="test4" time="0.0" classname="testNGTestcases.TestGroups">
    <ignored/>
  </testcase> <!-- test4 -->
  <testcase name="test6" time="0.0" classname="testNGTestcases.TestGroups">
    <ignored/>
  </testcase> <!-- test6 -->
  <testcase name="test1" time="0.0" classname="testNGTestcases.TestGroups">
    <ignored/>
  </testcase> <!-- test1 -->
</testsuite> <!-- Validating Test Groups -->
