<?xml version="1.0" encoding="UTF-8"?>
<!-- Generated by org.testng.reporters.JUnitXMLReporter -->
<testsuite hostname="DAREDEVIL" ignored="5" name="Validating Dependency" tests="0" failures="0" timestamp="2023-07-30T01:40:29 IST" time="0.004" errors="0">
  <testcase name="doUserRegister" time="0.0" classname="testNGTestcases.DependencyOnMethodsNGroups">
    <ignored/>
  </testcase> <!-- doUserRegister -->
  <testcase name="validatingMessage" time="0.0" classname="testNGTestcases.DependencyOnMethodsNGroups">
    <ignored/>
  </testcase> <!-- validatingMessage -->
  <testcase name="doLogin" time="0.0" classname="testNGTestcases.DependencyOnMethodsNGroups">
    <ignored/>
  </testcase> <!-- doLogin -->
  <testcase name="validatingImage" time="0.0" classname="testNGTestcases.DependencyOnMethodsNGroups">
    <ignored/>
  </testcase> <!-- validatingImage -->
  <testcase name="validatingSubmitBtn" time="0.0" classname="testNGTestcases.DependencyOnMethodsNGroups">
    <ignored/>
  </testcase> <!-- validatingSubmitBtn -->
</testsuite> <!-- Validating Dependency -->
