<?xml version="1.0" encoding="UTF-8"?>
<!-- Generated by org.testng.reporters.JUnitXMLReporter -->
<testsuite hostname="DESKTOP-PDMEH2U" ignored="2" name="GRP-Regression" tests="4" failures="0" timestamp="2022-09-23T21:51:25 IST" time="0.177" errors="0">
  <testcase name="doUserRegister" time="0.025" classname="testNGTestcases.AnnotationSequence"/>
  <testcase name="doLogin" time="0.003" classname="testNGTestcases.AnnotationSequence"/>
  <testcase name="doUserRegister" time="0.002" classname="testNGTestcases.Demo"/>
  <testcase name="doLogin" time="0.005" classname="testNGTestcases.Demo"/>
  <testcase name="GoToDashboard" time="0.0" classname="testNGTestcases.AnnotationSequence">
    <ignored/>
  </testcase> <!-- GoToDashboard -->
  <testcase name="GoToDashboard" time="0.0" classname="testNGTestcases.Demo">
    <ignored/>
  </testcase> <!-- GoToDashboard -->
</testsuite> <!-- GRP-Regression -->
