<?xml version="1.0" encoding="UTF-8"?>
<!-- Generated by org.testng.reporters.JUnitXMLReporter -->
<testsuite hostname="DAREDEVIL" ignored="0" name="ParameterTest3" tests="3" failures="0" timestamp="2023-09-14T22:34:37 IST" time="5.069" errors="0">
  <testcase name="launchBrowser" time="5.023" classname="testNGTestcases.Parameterization"/>
  <testcase name="launchBrowser" time="5.023" classname="testNGTestcases.Parameterization"/>
  <testcase name="launchBrowser" time="5.023" classname="testNGTestcases.Parameterization"/>
</testsuite> <!-- ParameterTest3 -->
